Sun Oct 25 11:57:42 MDT 2015 : Apache Derby Network Server - 10.11.1.1 - (1616546) started and ready to accept connections on port 1527
----------------------------------------------------------------
Sun Oct 25 12:21:09 MDT 2015:
Booting Derby version The Apache Software Foundation - Apache Derby - 10.11.1.1 - (1616546): instance a816c00e-0150-a026-1564-00007afc304e 
on database directory /Users/cjr/SD/MyProjects/Quotes/Database/playtest with class loader sun.misc.Launcher$AppClassLoader@610455d6 
Loaded from file:/Users/cjr/SD/Tools/db-derby-10.11.1.1-bin/lib/derby.jar
java.vendor=Oracle Corporation
java.runtime.version=1.8.0_45-b14
user.dir=/Users/cjr/SD/MyProjects/Quotes/Database
os.name=Mac OS X
os.arch=x86_64
os.version=10.10.5
derby.system.home=/Users/cjr/SD/MyProjects/Quotes/Database
Database Class Loader started - derby.database.classpath=''
----------------------------------------------------------------
Sun Oct 25 12:27:39 MDT 2015: Shutting down Derby engine
----------------------------------------------------------------
Sun Oct 25 12:27:39 MDT 2015:
Shutting down instance a816c00e-0150-a026-1564-00007afc304e on database directory /Users/cjr/SD/MyProjects/Quotes/Database/playtest with class loader sun.misc.Launcher$AppClassLoader@610455d6 
----------------------------------------------------------------
